# JRE version: OpenJDK Runtime Environment (8.0_152-b06) (build 1.8.0_152-release-1136-b06)
# Java VM: OpenJDK 64-Bit Server VM (25.152-b06 mixed mode windows-amd64 compressed oops)
Heap:
 PSYoungGen      total 74240K, used 69262K [0x00000000e0000000, 0x00000000e7000000, 0x0000000100000000)
  eden space 64000K, 97% used [0x00000000e0000000,0x00000000e3cf81a0,0x00000000e3e80000)
  from space 10240K, 66% used [0x00000000e4880000,0x00000000e4f2b7b8,0x00000000e5280000)
  to   space 10240K, 0% used [0x00000000e3e80000,0x00000000e3e80000,0x00000000e4880000)
 ParOldGen       total 107008K, used 8929K [0x00000000a0000000, 0x00000000a6880000, 0x00000000e0000000)
  object space 107008K, 8% used [0x00000000a0000000,0x00000000a08b8570,0x00000000a6880000)
 Metaspace       used 29852K, capacity 30298K, committed 30512K, reserved 1075200K
  class space    used 4163K, capacity 4290K, committed 4400K, reserved 1048576K
GC Heap History (10 events):
Event: 2.022 GC heap before
{Heap before GC invocations=1 (full 0):
 PSYoungGen      total 74240K, used 64000K [0x00000000e0000000, 0x00000000e5280000, 0x0000000100000000)
  eden space 64000K, 100% used [0x00000000e0000000,0x00000000e3e80000,0x00000000e3e80000)
  from space 10240K, 0% used [0x00000000e4880000,0x00000000e4880000,0x00000000e5280000)
  to   space 10240K, 0% used [0x00000000e3e80000,0x00000000e3e80000,0x00000000e4880000)
 ParOldGen       total 169472K, used 0K [0x00000000a0000000, 0x00000000aa580000, 0x00000000e0000000)
  object space 169472K, 0% used [0x00000000a0000000,0x00000000a0000000,0x00000000aa580000)
 Metaspace       used 10022K, capacity 10274K, committed 10496K, reserved 1058816K
  class space    used 1320K, capacity 1425K, committed 1536K, reserved 1048576K
Event: 2.029 GC heap after
Heap after GC invocations=1 (full 0):
 PSYoungGen      total 74240K, used 7373K [0x00000000e0000000, 0x00000000e5280000, 0x0000000100000000)
  eden space 64000K, 0% used [0x00000000e0000000,0x00000000e0000000,0x00000000e3e80000)
  from space 10240K, 72% used [0x00000000e3e80000,0x00000000e45b35f0,0x00000000e4880000)
  to   space 10240K, 0% used [0x00000000e4880000,0x00000000e4880000,0x00000000e5280000)
 ParOldGen       total 169472K, used 16K [0x00000000a0000000, 0x00000000aa580000, 0x00000000e0000000)
  object space 169472K, 0% used [0x00000000a0000000,0x00000000a0004000,0x00000000aa580000)
 Metaspace       used 10022K, capacity 10274K, committed 10496K, reserved 1058816K
  class space    used 1320K, capacity 1425K, committed 1536K, reserved 1048576K
}
Event: 2.899 GC heap before
{Heap before GC invocations=2 (full 0):
 PSYoungGen      total 74240K, used 71373K [0x00000000e0000000, 0x00000000e5280000, 0x0000000100000000)
  eden space 64000K, 100% used [0x00000000e0000000,0x00000000e3e80000,0x00000000e3e80000)
  from space 10240K, 72% used [0x00000000e3e80000,0x00000000e45b35f0,0x00000000e4880000)
  to   space 10240K, 0% used [0x00000000e4880000,0x00000000e4880000,0x00000000e5280000)
 ParOldGen       total 169472K, used 16K [0x00000000a0000000, 0x00000000aa580000, 0x00000000e0000000)
  object space 169472K, 0% used [0x00000000a0000000,0x00000000a0004000,0x00000000aa580000)
 Metaspace       used 16389K, capacity 16796K, committed 16896K, reserved 1062912K
  class space    used 2344K, capacity 2480K, committed 2560K, reserved 1048576K
Event: 2.912 GC heap after
Heap after GC invocations=2 (full 0):
 PSYoungGen      total 74240K, used 10216K [0x00000000e0000000, 0x00000000e5280000, 0x0000000100000000)
  eden space 64000K, 0% used [0x00000000e0000000,0x00000000e0000000,0x00000000e3e80000)
  from space 10240K, 99% used [0x00000000e4880000,0x00000000e527a038,0x00000000e5280000)
  to   space 10240K, 0% used [0x00000000e3e80000,0x00000000e3e80000,0x00000000e4880000)
 ParOldGen       total 169472K, used 40K [0x00000000a0000000, 0x00000000aa580000, 0x00000000e0000000)
  object space 169472K, 0% used [0x00000000a0000000,0x00000000a000a000,0x00000000aa580000)
 Metaspace       used 16389K, capacity 16796K, committed 16896K, reserved 1062912K
  class space    used 2344K, capacity 2480K, committed 2560K, reserved 1048576K
}
Event: 3.560 GC heap before
{Heap before GC invocations=3 (full 0):
 PSYoungGen      total 74240K, used 38114K [0x00000000e0000000, 0x00000000e5280000, 0x0000000100000000)
  eden space 64000K, 43% used [0x00000000e0000000,0x00000000e1b3ea18,0x00000000e3e80000)
  from space 10240K, 99% used [0x00000000e4880000,0x00000000e527a038,0x00000000e5280000)
  to   space 10240K, 0% used [0x00000000e3e80000,0x00000000e3e80000,0x00000000e4880000)
 ParOldGen       total 169472K, used 40K [0x00000000a0000000, 0x00000000aa580000, 0x00000000e0000000)
  object space 169472K, 0% used [0x00000000a0000000,0x00000000a000a000,0x00000000aa580000)
 Metaspace       used 20804K, capacity 21244K, committed 21296K, reserved 1067008K
  class space    used 2913K, capacity 3076K, committed 3120K, reserved 1048576K
Event: 3.568 GC heap after
Heap after GC invocations=3 (full 0):
 PSYoungGen      total 74240K, used 9144K [0x00000000e0000000, 0x00000000e5280000, 0x0000000100000000)
  eden space 64000K, 0% used [0x00000000e0000000,0x00000000e0000000,0x00000000e3e80000)
  from space 10240K, 89% used [0x00000000e3e80000,0x00000000e476e3d8,0x00000000e4880000)
  to   space 10240K, 0% used [0x00000000e4880000,0x00000000e4880000,0x00000000e5280000)
 ParOldGen       total 169472K, used 48K [0x00000000a0000000, 0x00000000aa580000, 0x00000000e0000000)
  object space 169472K, 0% used [0x00000000a0000000,0x00000000a000c000,0x00000000aa580000)
 Metaspace       used 20804K, capacity 21244K, committed 21296K, reserved 1067008K
  class space    used 2913K, capacity 3076K, committed 3120K, reserved 1048576K
}
Event: 3.568 GC heap before
{Heap before GC invocations=4 (full 1):
 PSYoungGen      total 74240K, used 9144K [0x00000000e0000000, 0x00000000e5280000, 0x0000000100000000)
  eden space 64000K, 0% used [0x00000000e0000000,0x00000000e0000000,0x00000000e3e80000)
  from space 10240K, 89% used [0x00000000e3e80000,0x00000000e476e3d8,0x00000000e4880000)
  to   space 10240K, 0% used [0x00000000e4880000,0x00000000e4880000,0x00000000e5280000)
 ParOldGen       total 169472K, used 48K [0x00000000a0000000, 0x00000000aa580000, 0x00000000e0000000)
  object space 169472K, 0% used [0x00000000a0000000,0x00000000a000c000,0x00000000aa580000)
 Metaspace       used 20804K, capacity 21244K, committed 21296K, reserved 1067008K
  class space    used 2913K, capacity 3076K, committed 3120K, reserved 1048576K
Event: 3.608 GC heap after
Heap after GC invocations=4 (full 1):
 PSYoungGen      total 74240K, used 0K [0x00000000e0000000, 0x00000000e5280000, 0x0000000100000000)
  eden space 64000K, 0% used [0x00000000e0000000,0x00000000e0000000,0x00000000e3e80000)
  from space 10240K, 0% used [0x00000000e3e80000,0x00000000e3e80000,0x00000000e4880000)
  to   space 10240K, 0% used [0x00000000e4880000,0x00000000e4880000,0x00000000e5280000)
 ParOldGen       total 107008K, used 8929K [0x00000000a0000000, 0x00000000a6880000, 0x00000000e0000000)
  object space 107008K, 8% used [0x00000000a0000000,0x00000000a08b8570,0x00000000a6880000)
 Metaspace       used 20804K, capacity 21244K, committed 21296K, reserved 1067008K
  class space    used 2913K, capacity 3076K, committed 3120K, reserved 1048576K
}
Event: 4.615 GC heap before
{Heap before GC invocations=5 (full 1):
 PSYoungGen      total 74240K, used 64000K [0x00000000e0000000, 0x00000000e5280000, 0x0000000100000000)
  eden space 64000K, 100% used [0x00000000e0000000,0x00000000e3e80000,0x00000000e3e80000)
  from space 10240K, 0% used [0x00000000e3e80000,0x00000000e3e80000,0x00000000e4880000)
  to   space 10240K, 0% used [0x00000000e4880000,0x00000000e4880000,0x00000000e5280000)
 ParOldGen       total 107008K, used 8929K [0x00000000a0000000, 0x00000000a6880000, 0x00000000e0000000)
  object space 107008K, 8% used [0x00000000a0000000,0x00000000a08b8570,0x00000000a6880000)
 Metaspace       used 26574K, capacity 27030K, committed 27184K, reserved 1073152K
  class space    used 3637K, capacity 3801K, committed 3888K, reserved 1048576K
Event: 4.625 GC heap after
Heap after GC invocations=5 (full 1):
 PSYoungGen      total 74240K, used 6829K [0x00000000e0000000, 0x00000000e7000000, 0x0000000100000000)
  eden space 64000K, 0% used [0x00000000e0000000,0x00000000e0000000,0x00000000e3e80000)
  from space 10240K, 66% used [0x00000000e4880000,0x00000000e4f2b7b8,0x00000000e5280000)
  to   space 10240K, 0% used [0x00000000e3e80000,0x00000000e3e80000,0x00000000e4880000)
 ParOldGen       total 107008K, used 8929K [0x00000000a0000000, 0x00000000a6880000, 0x00000000e0000000)
  object space 107008K, 8% used [0x00000000a0000000,0x00000000a08b8570,0x00000000a6880000)
 Metaspace       used 26574K, capacity 27030K, committed 27184K, reserved 1073152K
  class space    used 3637K, capacity 3801K, committed 3888K, reserved 1048576K
}

