# JRE version: OpenJDK Runtime Environment (8.0_152-b06) (build 1.8.0_152-release-1136-b06)
# Java VM: OpenJDK 64-Bit Server VM (25.152-b06 mixed mode windows-amd64 compressed oops)
Heap:
 PSYoungGen      total 116736K, used 67137K [0x00000000e0000000, 0x00000000e8e00000, 0x0000000100000000)
  eden space 109568K, 55% used [0x00000000e0000000,0x00000000e3af5260,0x00000000e6b00000)
  from space 7168K, 94% used [0x00000000e8700000,0x00000000e8d9b3f8,0x00000000e8e00000)
  to   space 10240K, 0% used [0x00000000e7a00000,0x00000000e7a00000,0x00000000e8400000)
 ParOldGen       total 91648K, used 8983K [0x00000000a0000000, 0x00000000a5980000, 0x00000000e0000000)
  object space 91648K, 9% used [0x00000000a0000000,0x00000000a08c5d08,0x00000000a5980000)
 Metaspace       used 29607K, capacity 30084K, committed 30256K, reserved 1075200K
  class space    used 4133K, capacity 4283K, committed 4400K, reserved 1048576K
GC Heap History (10 events):
Event: 2.044 GC heap before
{Heap before GC invocations=1 (full 0):
 PSYoungGen      total 74240K, used 64000K [0x00000000e0000000, 0x00000000e5280000, 0x0000000100000000)
  eden space 64000K, 100% used [0x00000000e0000000,0x00000000e3e80000,0x00000000e3e80000)
  from space 10240K, 0% used [0x00000000e4880000,0x00000000e4880000,0x00000000e5280000)
  to   space 10240K, 0% used [0x00000000e3e80000,0x00000000e3e80000,0x00000000e4880000)
 ParOldGen       total 169472K, used 0K [0x00000000a0000000, 0x00000000aa580000, 0x00000000e0000000)
  object space 169472K, 0% used [0x00000000a0000000,0x00000000a0000000,0x00000000aa580000)
 Metaspace       used 10028K, capacity 10282K, committed 10496K, reserved 1058816K
  class space    used 1320K, capacity 1425K, committed 1536K, reserved 1048576K
Event: 2.056 GC heap after
Heap after GC invocations=1 (full 0):
 PSYoungGen      total 74240K, used 7350K [0x00000000e0000000, 0x00000000e5280000, 0x0000000100000000)
  eden space 64000K, 0% used [0x00000000e0000000,0x00000000e0000000,0x00000000e3e80000)
  from space 10240K, 71% used [0x00000000e3e80000,0x00000000e45ad968,0x00000000e4880000)
  to   space 10240K, 0% used [0x00000000e4880000,0x00000000e4880000,0x00000000e5280000)
 ParOldGen       total 169472K, used 16K [0x00000000a0000000, 0x00000000aa580000, 0x00000000e0000000)
  object space 169472K, 0% used [0x00000000a0000000,0x00000000a0004000,0x00000000aa580000)
 Metaspace       used 10028K, capacity 10282K, committed 10496K, reserved 1058816K
  class space    used 1320K, capacity 1425K, committed 1536K, reserved 1048576K
}
Event: 3.372 GC heap before
{Heap before GC invocations=2 (full 0):
 PSYoungGen      total 74240K, used 71350K [0x00000000e0000000, 0x00000000e5280000, 0x0000000100000000)
  eden space 64000K, 100% used [0x00000000e0000000,0x00000000e3e80000,0x00000000e3e80000)
  from space 10240K, 71% used [0x00000000e3e80000,0x00000000e45ad968,0x00000000e4880000)
  to   space 10240K, 0% used [0x00000000e4880000,0x00000000e4880000,0x00000000e5280000)
 ParOldGen       total 169472K, used 16K [0x00000000a0000000, 0x00000000aa580000, 0x00000000e0000000)
  object space 169472K, 0% used [0x00000000a0000000,0x00000000a0004000,0x00000000aa580000)
 Metaspace       used 16367K, capacity 16740K, committed 16896K, reserved 1062912K
  class space    used 2335K, capacity 2480K, committed 2560K, reserved 1048576K
Event: 3.391 GC heap after
Heap after GC invocations=2 (full 0):
 PSYoungGen      total 74240K, used 10162K [0x00000000e0000000, 0x00000000e5280000, 0x0000000100000000)
  eden space 64000K, 0% used [0x00000000e0000000,0x00000000e0000000,0x00000000e3e80000)
  from space 10240K, 99% used [0x00000000e4880000,0x00000000e526cb00,0x00000000e5280000)
  to   space 10240K, 0% used [0x00000000e3e80000,0x00000000e3e80000,0x00000000e4880000)
 ParOldGen       total 169472K, used 24K [0x00000000a0000000, 0x00000000aa580000, 0x00000000e0000000)
  object space 169472K, 0% used [0x00000000a0000000,0x00000000a0006000,0x00000000aa580000)
 Metaspace       used 16367K, capacity 16740K, committed 16896K, reserved 1062912K
  class space    used 2335K, capacity 2480K, committed 2560K, reserved 1048576K
}
Event: 3.835 GC heap before
{Heap before GC invocations=3 (full 0):
 PSYoungGen      total 74240K, used 39271K [0x00000000e0000000, 0x00000000e5280000, 0x0000000100000000)
  eden space 64000K, 45% used [0x00000000e0000000,0x00000000e1c6d370,0x00000000e3e80000)
  from space 10240K, 99% used [0x00000000e4880000,0x00000000e526cb00,0x00000000e5280000)
  to   space 10240K, 0% used [0x00000000e3e80000,0x00000000e3e80000,0x00000000e4880000)
 ParOldGen       total 169472K, used 24K [0x00000000a0000000, 0x00000000aa580000, 0x00000000e0000000)
  object space 169472K, 0% used [0x00000000a0000000,0x00000000a0006000,0x00000000aa580000)
 Metaspace       used 20812K, capacity 21252K, committed 21296K, reserved 1067008K
  class space    used 2914K, capacity 3076K, committed 3120K, reserved 1048576K
Event: 3.856 GC heap after
Heap after GC invocations=3 (full 0):
 PSYoungGen      total 74240K, used 9150K [0x00000000e0000000, 0x00000000e9100000, 0x0000000100000000)
  eden space 64000K, 0% used [0x00000000e0000000,0x00000000e0000000,0x00000000e3e80000)
  from space 10240K, 89% used [0x00000000e3e80000,0x00000000e476fa10,0x00000000e4880000)
  to   space 10240K, 0% used [0x00000000e8700000,0x00000000e8700000,0x00000000e9100000)
 ParOldGen       total 169472K, used 32K [0x00000000a0000000, 0x00000000aa580000, 0x00000000e0000000)
  object space 169472K, 0% used [0x00000000a0000000,0x00000000a0008000,0x00000000aa580000)
 Metaspace       used 20812K, capacity 21252K, committed 21296K, reserved 1067008K
  class space    used 2914K, capacity 3076K, committed 3120K, reserved 1048576K
}
Event: 3.856 GC heap before
{Heap before GC invocations=4 (full 1):
 PSYoungGen      total 74240K, used 9150K [0x00000000e0000000, 0x00000000e9100000, 0x0000000100000000)
  eden space 64000K, 0% used [0x00000000e0000000,0x00000000e0000000,0x00000000e3e80000)
  from space 10240K, 89% used [0x00000000e3e80000,0x00000000e476fa10,0x00000000e4880000)
  to   space 10240K, 0% used [0x00000000e8700000,0x00000000e8700000,0x00000000e9100000)
 ParOldGen       total 169472K, used 32K [0x00000000a0000000, 0x00000000aa580000, 0x00000000e0000000)
  object space 169472K, 0% used [0x00000000a0000000,0x00000000a0008000,0x00000000aa580000)
 Metaspace       used 20812K, capacity 21252K, committed 21296K, reserved 1067008K
  class space    used 2914K, capacity 3076K, committed 3120K, reserved 1048576K
Event: 3.889 GC heap after
Heap after GC invocations=4 (full 1):
 PSYoungGen      total 74240K, used 0K [0x00000000e0000000, 0x00000000e9100000, 0x0000000100000000)
  eden space 64000K, 0% used [0x00000000e0000000,0x00000000e0000000,0x00000000e3e80000)
  from space 10240K, 0% used [0x00000000e3e80000,0x00000000e3e80000,0x00000000e4880000)
  to   space 10240K, 0% used [0x00000000e8700000,0x00000000e8700000,0x00000000e9100000)
 ParOldGen       total 91648K, used 8975K [0x00000000a0000000, 0x00000000a5980000, 0x00000000e0000000)
  object space 91648K, 9% used [0x00000000a0000000,0x00000000a08c3d08,0x00000000a5980000)
 Metaspace       used 20812K, capacity 21252K, committed 21296K, reserved 1067008K
  class space    used 2914K, capacity 3076K, committed 3120K, reserved 1048576K
}
Event: 4.881 GC heap before
{Heap before GC invocations=5 (full 1):
 PSYoungGen      total 74240K, used 64000K [0x00000000e0000000, 0x00000000e9100000, 0x0000000100000000)
  eden space 64000K, 100% used [0x00000000e0000000,0x00000000e3e80000,0x00000000e3e80000)
  from space 10240K, 0% used [0x00000000e3e80000,0x00000000e3e80000,0x00000000e4880000)
  to   space 10240K, 0% used [0x00000000e8700000,0x00000000e8700000,0x00000000e9100000)
 ParOldGen       total 91648K, used 8975K [0x00000000a0000000, 0x00000000a5980000, 0x00000000e0000000)
  object space 91648K, 9% used [0x00000000a0000000,0x00000000a08c3d08,0x00000000a5980000)
 Metaspace       used 26567K, capacity 27038K, committed 27184K, reserved 1073152K
  class space    used 3637K, capacity 3801K, committed 3888K, reserved 1048576K
Event: 4.900 GC heap after
Heap after GC invocations=5 (full 1):
 PSYoungGen      total 116736K, used 6764K [0x00000000e0000000, 0x00000000e8e00000, 0x0000000100000000)
  eden space 109568K, 0% used [0x00000000e0000000,0x00000000e0000000,0x00000000e6b00000)
  from space 7168K, 94% used [0x00000000e8700000,0x00000000e8d9b3f8,0x00000000e8e00000)
  to   space 10240K, 0% used [0x00000000e7a00000,0x00000000e7a00000,0x00000000e8400000)
 ParOldGen       total 91648K, used 8983K [0x00000000a0000000, 0x00000000a5980000, 0x00000000e0000000)
  object space 91648K, 9% used [0x00000000a0000000,0x00000000a08c5d08,0x00000000a5980000)
 Metaspace       used 26567K, capacity 27038K, committed 27184K, reserved 1073152K
  class space    used 3637K, capacity 3801K, committed 3888K, reserved 1048576K
}

