# JRE version: OpenJDK Runtime Environment (8.0_152-b06) (build 1.8.0_152-release-1136-b06)
# Java VM: OpenJDK 64-Bit Server VM (25.152-b06 mixed mode windows-amd64 compressed oops)
Heap:
 PSYoungGen      total 174592K, used 29212K [0x00000000e0000000, 0x00000000ed380000, 0x0000000100000000)
  eden space 158720K, 8% used [0x00000000e0000000,0x00000000e0d07850,0x00000000e9b00000)
  from space 15872K, 99% used [0x00000000e9b00000,0x00000000eaa7fa00,0x00000000eaa80000)
  to   space 13824K, 0% used [0x00000000eaa80000,0x00000000eaa80000,0x00000000eb800000)
 ParOldGen       total 152064K, used 30628K [0x00000000a0000000, 0x00000000a9480000, 0x00000000e0000000)
  object space 152064K, 20% used [0x00000000a0000000,0x00000000a1de9188,0x00000000a9480000)
 Metaspace       used 55302K, capacity 57004K, committed 57128K, reserved 1097728K
  class space    used 7581K, capacity 7953K, committed 7984K, reserved 1048576K
GC Heap History (10 events):
Event: 4.671 GC heap before
{Heap before GC invocations=5 (full 1):
 PSYoungGen      total 74240K, used 64000K [0x00000000e0000000, 0x00000000e9100000, 0x0000000100000000)
  eden space 64000K, 100% used [0x00000000e0000000,0x00000000e3e80000,0x00000000e3e80000)
  from space 10240K, 0% used [0x00000000e3e80000,0x00000000e3e80000,0x00000000e4880000)
  to   space 10240K, 0% used [0x00000000e8700000,0x00000000e8700000,0x00000000e9100000)
 ParOldGen       total 96768K, used 8979K [0x00000000a0000000, 0x00000000a5e80000, 0x00000000e0000000)
  object space 96768K, 9% used [0x00000000a0000000,0x00000000a08c4c50,0x00000000a5e80000)
 Metaspace       used 26562K, capacity 27038K, committed 27184K, reserved 1073152K
  class space    used 3637K, capacity 3801K, committed 3888K, reserved 1048576K
Event: 4.681 GC heap after
Heap after GC invocations=5 (full 1):
 PSYoungGen      total 110080K, used 6843K [0x00000000e0000000, 0x00000000e8e00000, 0x0000000100000000)
  eden space 102912K, 0% used [0x00000000e0000000,0x00000000e0000000,0x00000000e6480000)
  from space 7168K, 95% used [0x00000000e8700000,0x00000000e8daeef8,0x00000000e8e00000)
  to   space 10240K, 0% used [0x00000000e7a00000,0x00000000e7a00000,0x00000000e8400000)
 ParOldGen       total 96768K, used 8987K [0x00000000a0000000, 0x00000000a5e80000, 0x00000000e0000000)
  object space 96768K, 9% used [0x00000000a0000000,0x00000000a08c6c50,0x00000000a5e80000)
 Metaspace       used 26562K, capacity 27038K, committed 27184K, reserved 1073152K
  class space    used 3637K, capacity 3801K, committed 3888K, reserved 1048576K
}
Event: 6.673 GC heap before
{Heap before GC invocations=6 (full 1):
 PSYoungGen      total 110080K, used 103711K [0x00000000e0000000, 0x00000000e8e00000, 0x0000000100000000)
  eden space 102912K, 94% used [0x00000000e0000000,0x00000000e5e990d0,0x00000000e6480000)
  from space 7168K, 95% used [0x00000000e8700000,0x00000000e8daeef8,0x00000000e8e00000)
  to   space 10240K, 0% used [0x00000000e7a00000,0x00000000e7a00000,0x00000000e8400000)
 ParOldGen       total 96768K, used 8987K [0x00000000a0000000, 0x00000000a5e80000, 0x00000000e0000000)
  object space 96768K, 9% used [0x00000000a0000000,0x00000000a08c6c50,0x00000000a5e80000)
 Metaspace       used 34828K, capacity 35412K, committed 35496K, reserved 1079296K
  class space    used 4812K, capacity 4998K, committed 5040K, reserved 1048576K
Event: 6.686 GC heap after
Heap after GC invocations=6 (full 1):
 PSYoungGen      total 135168K, used 10230K [0x00000000e0000000, 0x00000000eb800000, 0x0000000100000000)
  eden space 124928K, 0% used [0x00000000e0000000,0x00000000e0000000,0x00000000e7a00000)
  from space 10240K, 99% used [0x00000000e7a00000,0x00000000e83fd8f8,0x00000000e8400000)
  to   space 13824K, 0% used [0x00000000eaa80000,0x00000000eaa80000,0x00000000eb800000)
 ParOldGen       total 96768K, used 11513K [0x00000000a0000000, 0x00000000a5e80000, 0x00000000e0000000)
  object space 96768K, 11% used [0x00000000a0000000,0x00000000a0b3e6b0,0x00000000a5e80000)
 Metaspace       used 34828K, capacity 35412K, committed 35496K, reserved 1079296K
  class space    used 4812K, capacity 4998K, committed 5040K, reserved 1048576K
}
Event: 6.686 GC heap before
{Heap before GC invocations=7 (full 2):
 PSYoungGen      total 135168K, used 10230K [0x00000000e0000000, 0x00000000eb800000, 0x0000000100000000)
  eden space 124928K, 0% used [0x00000000e0000000,0x00000000e0000000,0x00000000e7a00000)
  from space 10240K, 99% used [0x00000000e7a00000,0x00000000e83fd8f8,0x00000000e8400000)
  to   space 13824K, 0% used [0x00000000eaa80000,0x00000000eaa80000,0x00000000eb800000)
 ParOldGen       total 96768K, used 11513K [0x00000000a0000000, 0x00000000a5e80000, 0x00000000e0000000)
  object space 96768K, 11% used [0x00000000a0000000,0x00000000a0b3e6b0,0x00000000a5e80000)
 Metaspace       used 34828K, capacity 35412K, committed 35496K, reserved 1079296K
  class space    used 4812K, capacity 4998K, committed 5040K, reserved 1048576K
Event: 6.744 GC heap after
Heap after GC invocations=7 (full 2):
 PSYoungGen      total 135168K, used 0K [0x00000000e0000000, 0x00000000eb800000, 0x0000000100000000)
  eden space 124928K, 0% used [0x00000000e0000000,0x00000000e0000000,0x00000000e7a00000)
  from space 10240K, 0% used [0x00000000e7a00000,0x00000000e7a00000,0x00000000e8400000)
  to   space 13824K, 0% used [0x00000000eaa80000,0x00000000eaa80000,0x00000000eb800000)
 ParOldGen       total 152064K, used 19178K [0x00000000a0000000, 0x00000000a9480000, 0x00000000e0000000)
  object space 152064K, 12% used [0x00000000a0000000,0x00000000a12babd8,0x00000000a9480000)
 Metaspace       used 34828K, capacity 35412K, committed 35496K, reserved 1079296K
  class space    used 4812K, capacity 4998K, committed 5040K, reserved 1048576K
}
Event: 8.240 GC heap before
{Heap before GC invocations=8 (full 2):
 PSYoungGen      total 135168K, used 124928K [0x00000000e0000000, 0x00000000eb800000, 0x0000000100000000)
  eden space 124928K, 100% used [0x00000000e0000000,0x00000000e7a00000,0x00000000e7a00000)
  from space 10240K, 0% used [0x00000000e7a00000,0x00000000e7a00000,0x00000000e8400000)
  to   space 13824K, 0% used [0x00000000eaa80000,0x00000000eaa80000,0x00000000eb800000)
 ParOldGen       total 152064K, used 19178K [0x00000000a0000000, 0x00000000a9480000, 0x00000000e0000000)
  object space 152064K, 12% used [0x00000000a0000000,0x00000000a12babd8,0x00000000a9480000)
 Metaspace       used 41822K, capacity 42632K, committed 42792K, reserved 1085440K
  class space    used 5640K, capacity 5900K, committed 5936K, reserved 1048576K
Event: 8.255 GC heap after
Heap after GC invocations=8 (full 2):
 PSYoungGen      total 172544K, used 13823K [0x00000000e0000000, 0x00000000ed380000, 0x0000000100000000)
  eden space 158720K, 0% used [0x00000000e0000000,0x00000000e0000000,0x00000000e9b00000)
  from space 13824K, 99% used [0x00000000eaa80000,0x00000000eb7fff50,0x00000000eb800000)
  to   space 15872K, 0% used [0x00000000e9b00000,0x00000000e9b00000,0x00000000eaa80000)
 ParOldGen       total 152064K, used 20152K [0x00000000a0000000, 0x00000000a9480000, 0x00000000e0000000)
  object space 152064K, 13% used [0x00000000a0000000,0x00000000a13ae198,0x00000000a9480000)
 Metaspace       used 41822K, capacity 42632K, committed 42792K, reserved 1085440K
  class space    used 5640K, capacity 5900K, committed 5936K, reserved 1048576K
}
Event: 11.800 GC heap before
{Heap before GC invocations=9 (full 2):
 PSYoungGen      total 172544K, used 172543K [0x00000000e0000000, 0x00000000ed380000, 0x0000000100000000)
  eden space 158720K, 100% used [0x00000000e0000000,0x00000000e9b00000,0x00000000e9b00000)
  from space 13824K, 99% used [0x00000000eaa80000,0x00000000eb7fff50,0x00000000eb800000)
  to   space 15872K, 0% used [0x00000000e9b00000,0x00000000e9b00000,0x00000000eaa80000)
 ParOldGen       total 152064K, used 20152K [0x00000000a0000000, 0x00000000a9480000, 0x00000000e0000000)
  object space 152064K, 13% used [0x00000000a0000000,0x00000000a13ae198,0x00000000a9480000)
 Metaspace       used 54564K, capacity 56202K, committed 56360K, reserved 1097728K
  class space    used 7478K, capacity 7880K, committed 7984K, reserved 1048576K
Event: 11.850 GC heap after
Heap after GC invocations=9 (full 2):
 PSYoungGen      total 174592K, used 15870K [0x00000000e0000000, 0x00000000ed380000, 0x0000000100000000)
  eden space 158720K, 0% used [0x00000000e0000000,0x00000000e0000000,0x00000000e9b00000)
  from space 15872K, 99% used [0x00000000e9b00000,0x00000000eaa7fa00,0x00000000eaa80000)
  to   space 13824K, 0% used [0x00000000eaa80000,0x00000000eaa80000,0x00000000eb800000)
 ParOldGen       total 152064K, used 30628K [0x00000000a0000000, 0x00000000a9480000, 0x00000000e0000000)
  object space 152064K, 20% used [0x00000000a0000000,0x00000000a1de9188,0x00000000a9480000)
 Metaspace       used 54564K, capacity 56202K, committed 56360K, reserved 1097728K
  class space    used 7478K, capacity 7880K, committed 7984K, reserved 1048576K
}

